<?xml version="1.0" encoding="UTF-8"?>
<!-- Generated by org.testng.reporters.JUnitXMLReporter -->
<testsuite ignored="2" hostname="DESKTOP-8D76I4T" failures="0" tests="2" name="homepage" time="31.559" errors="0" timestamp="2020-08-23T16:51:58 EDT">
  <testcase classname="tests.homepagetest" name="homepageTests" time="10.711"/>
  <testcase classname="tests.login" name="loginpageTests" time="3.941"/>
  <testcase classname="controllers.hooks" name="@BeforeSuite reportSetup" time="0.0">
    <ignored/>
  </testcase> <!-- @BeforeSuite reportSetup -->
  <testcase classname="controllers.hooks" name="@AfterSuite tearDown" time="0.0">
    <ignored/>
  </testcase> <!-- @AfterSuite tearDown -->
</testsuite> <!-- homepage -->
