<?xml version="1.0" encoding="UTF-8"?>
<!-- Generated by org.testng.reporters.JUnitXMLReporter -->
<testsuite ignored="2" hostname="DESKTOP-8D76I4T" failures="0" tests="4" name="homepage" time="21.665" errors="0" timestamp="2020-08-26T08:22:20 EDT">
  <testcase classname="tests.homepagetest" name="homepageTests" time="11.546"/>
  <testcase classname="tests.login" name="login" time="11.658"/>
  <testcase classname="tests.login" name="logins" time="0.007"/>
  <testcase classname="tests.login" name="logins" time="0.007"/>
  <testcase classname="core.BaseTest" name="@AfterSuite tearDown" time="0.0">
    <ignored/>
  </testcase> <!-- @AfterSuite tearDown -->
  <testcase classname="core.BaseTest" name="@BeforeSuite reportSetup" time="0.0">
    <ignored/>
  </testcase> <!-- @BeforeSuite reportSetup -->
</testsuite> <!-- homepage -->
