-------------------------------------------------------------------------------
Test set: TestSuite
-------------------------------------------------------------------------------
Tests run: 4, Failures: 1, Errors: 0, Skipped: 0, Time elapsed: 24.174 s <<< FAILURE! - in TestSuite
tests.homepagetest.homepageTests  Time elapsed: 2.617 s  <<< FAILURE!
java.lang.AssertionError: expected [30] but found [40]
	at tests.homepagetest.homepageTests(homepagetest.java:28)

