<?xml version="1.0" encoding="UTF-8"?>
<testsuite xmlns:xsi="http://www.w3.org/2001/XMLSchema-instance" xsi:noNamespaceSchemaLocation="https://maven.apache.org/surefire/maven-surefire-plugin/xsd/surefire-test-report-3.0.xsd" version="3.0" name="TestSuite" time="24.174" tests="4" errors="0" skipped="0" failures="1">
  <properties>
[...]
</properties>
  <testcase name="homepageTests" classname="tests.homepagetest" time="2.617">
    <failure message="expected [30] but found [40]" type="java.lang.AssertionError"><![CDATA[java.lang.AssertionError: expected [30] but found [40]
	at tests.homepagetest.homepageTests(homepagetest.java:28)
]]></failure>
    <system-err><![CDATA[Starting ChromeDriver 84.0.4147.30 (48b3e868b4cc0aa7e8149519690b6f6949e110a8-refs/branch-heads/4147@{#310}) on port 13346
Only local connections are allowed.
Please see https://chromedriver.chromium.org/security-considerations for suggestions on keeping ChromeDriver safe.
ChromeDriver was started successfully.
Aug 24, 2020 7:57:33 PM org.openqa.selenium.remote.ProtocolHandshake createSession
INFO: Detected dialect: W3C
]]></system-err>
  </testcase>
  <testcase name="login" classname="tests.login" time="5.642">
    <system-err><![CDATA[Starting ChromeDriver 84.0.4147.30 (48b3e868b4cc0aa7e8149519690b6f6949e110a8-refs/branch-heads/4147@{#310}) on port 37218
Only local connections are allowed.
Please see https://chromedriver.chromium.org/security-considerations for suggestions on keeping ChromeDriver safe.
ChromeDriver was started successfully.
Aug 24, 2020 7:57:41 PM org.openqa.selenium.remote.ProtocolHandshake createSession
INFO: Detected dialect: W3C
]]></system-err>
  </testcase>
  <testcase name="logins[zoheb, zaqzaq](1)" classname="tests.login" time="0.015">
    <system-out><![CDATA[userName is : zoheb
userName is : zohebs
password is : zaqzaq
password is : qazqaz
[{UserName=zohebs, Password=qazqaz}, {UserName=zoheb, Password=zaqzaq}]
[{UserName=zohebs, Password=qazqaz}, {UserName=zoheb, Password=zaqzaq}]
userName is : zohebs
userName is : zohebs
password is : qazqaz
password is : qazqaz
userName is : zoheb
userName is : zoheb
password is : zaqzaq
password is : zaqzaq
]]></system-out>
  </testcase>
  <testcase name="logins[zohebs, qazqaz](2)" classname="tests.login" time="0.015"/>
</testsuite>