<?xml version="1.0" encoding="UTF-8"?>
<testsuite xmlns:xsi="http://www.w3.org/2001/XMLSchema-instance" xsi:noNamespaceSchemaLocation="https://maven.apache.org/surefire/maven-surefire-plugin/xsd/surefire-test-report-3.0.xsd" version="3.0" name="TestSuite" time="17.627" tests="4" errors="0" skipped="0" failures="0">
  <properties>
[...]
</properties>
  <testcase name="login" classname="tests.login" time="5.973">
    <system-err><![CDATA[Starting ChromeDriver 84.0.4147.30 (48b3e868b4cc0aa7e8149519690b6f6949e110a8-refs/branch-heads/4147@{#310}) on port 45815
Only local connections are allowed.
Please see https://chromedriver.chromium.org/security-considerations for suggestions on keeping ChromeDriver safe.
Starting ChromeDriver 84.0.4147.30 (48b3e868b4cc0aa7e8149519690b6f6949e110a8-refs/branch-heads/4147@{#310}) on port 42447
Only local connections are allowed.
Please see https://chromedriver.chromium.org/security-considerations for suggestions on keeping ChromeDriver safe.
ChrCohmreoDmrievDerirv waesr  swatasr tsteda rtesudc cseucsscfeuslslfyu.ll
y.
Aug 25, 2020 9:46:51 PM org.openqa.selenium.remote.ProtocolHandshake createSession
INFO: Detected dialect: W3C
Aug 25, 2020 9:46:51 PM org.openqa.selenium.remote.ProtocolHandshake createSession
INFO: Detected dialect: W3C
]]></system-err>
  </testcase>
  <testcase name="logins[zohebs, qazqaz](1)" classname="tests.login" time="0.009">
    <system-out><![CDATA[userName is : zohebs
password is : qazqaz
[{UserName=zohebs, Password=qazqaz}, {UserName=zoheb, Password=zaqzaq}]
userName is : zohebs
password is : qazqaz
userName is : zoheb
password is : zaqzaq
]]></system-out>
  </testcase>
  <testcase name="logins[zoheb, zaqzaq](2)" classname="tests.login" time="0.007">
    <system-out><![CDATA[userName is : zoheb
password is : zaqzaq
[{UserName=zohebs, Password=qazqaz}, {UserName=zoheb, Password=zaqzaq}]
userName is : zohebs
password is : qazqaz
userName is : zoheb
password is : zaqzaq
]]></system-out>
  </testcase>
  <testcase name="homepageTests" classname="tests.homepagetest" time="0.707"/>
</testsuite>