<?xml version="1.0" encoding="UTF-8"?>
<testng-results ignored="2" total="6" passed="4" failed="0" skipped="0">
  <reporter-output>
  </reporter-output>
  <suite started-at="2020-08-26T08:21:59 EDT" name="Suite" finished-at="2020-08-26T08:22:20 EDT" duration-ms="21665">
    <groups>
    </groups>
    <test started-at="2020-08-26T08:21:59 EDT" name="homepage" finished-at="2020-08-26T08:22:20 EDT" duration-ms="21665">
      <class name="tests.homepagetest">
        <test-method is-config="true" signature="reportSetup(java.lang.String)[pri:0, instance:tests.homepagetest@43bc63a3]" started-at="2020-08-26T08:21:58 EDT" name="reportSetup" finished-at="2020-08-26T08:21:59 EDT" duration-ms="241" status="PASS">
          <params>
            <param index="0">
              <value>
                <![CDATA[uat]]>
              </value>
            </param>
          </params>
          <reporter-output>
          </reporter-output>
        </test-method> <!-- reportSetup -->
        <test-method is-config="true" signature="setup(java.lang.String)[pri:0, instance:tests.homepagetest@43bc63a3]" started-at="2020-08-26T08:21:59 EDT" name="setup" finished-at="2020-08-26T08:22:06 EDT" duration-ms="6887" status="PASS">
          <params>
            <param index="0">
              <value>
                <![CDATA[chrome]]>
              </value>
            </param>
          </params>
          <reporter-output>
          </reporter-output>
        </test-method> <!-- setup -->
        <test-method signature="homepageTests()[pri:0, instance:tests.homepagetest@43bc63a3]" started-at="2020-08-26T08:22:06 EDT" name="homepageTests" finished-at="2020-08-26T08:22:17 EDT" duration-ms="11546" status="PASS">
          <reporter-output>
          </reporter-output>
        </test-method> <!-- homepageTests -->
        <test-method is-config="true" signature="getResult(org.testng.ITestResult)[pri:0, instance:tests.homepagetest@43bc63a3]" started-at="2020-08-26T08:22:17 EDT" name="getResult" finished-at="2020-08-26T08:22:17 EDT" duration-ms="15" status="PASS">
          <params>
            <param index="0">
              <value>
                <![CDATA[[TestResult name=homepageTests status=SUCCESS method=homepagetest.homepageTests()[pri:0, instance:tests.homepagetest@43bc63a3] output={null}]]]>
              </value>
            </param>
          </params>
          <reporter-output>
          </reporter-output>
        </test-method> <!-- getResult -->
        <test-method is-config="true" signature="cleanup()[pri:0, instance:tests.homepagetest@43bc63a3]" started-at="2020-08-26T08:22:17 EDT" name="cleanup" finished-at="2020-08-26T08:22:20 EDT" duration-ms="2339" status="PASS">
          <reporter-output>
          </reporter-output>
        </test-method> <!-- cleanup -->
        <test-method is-config="true" signature="tearDown()[pri:0, instance:tests.homepagetest@43bc63a3]" started-at="2020-08-26T08:22:20 EDT" name="tearDown" finished-at="2020-08-26T08:22:21 EDT" duration-ms="1069" status="PASS">
          <reporter-output>
          </reporter-output>
        </test-method> <!-- tearDown -->
      </class> <!-- tests.homepagetest -->
      <class name="tests.login">
        <test-method is-config="true" signature="setup(java.lang.String)[pri:0, instance:tests.login@702657cc]" started-at="2020-08-26T08:21:59 EDT" name="setup" finished-at="2020-08-26T08:22:06 EDT" duration-ms="7148" status="PASS">
          <params>
            <param index="0">
              <value>
                <![CDATA[chrome]]>
              </value>
            </param>
          </params>
          <reporter-output>
          </reporter-output>
        </test-method> <!-- setup -->
        <test-method signature="login()[pri:0, instance:tests.login@702657cc]" started-at="2020-08-26T08:22:06 EDT" name="login" finished-at="2020-08-26T08:22:18 EDT" duration-ms="11658" status="PASS">
          <reporter-output>
          </reporter-output>
        </test-method> <!-- login -->
        <test-method is-config="true" signature="getResult(org.testng.ITestResult)[pri:0, instance:tests.login@702657cc]" started-at="2020-08-26T08:22:18 EDT" name="getResult" finished-at="2020-08-26T08:22:18 EDT" duration-ms="1" status="PASS">
          <params>
            <param index="0">
              <value>
                <![CDATA[[TestResult name=login status=SUCCESS method=login.login()[pri:0, instance:tests.login@702657cc] output={null}]]]>
              </value>
            </param>
          </params>
          <reporter-output>
          </reporter-output>
        </test-method> <!-- getResult -->
        <test-method signature="logins(java.lang.String, java.lang.String)[pri:0, instance:tests.login@702657cc]" started-at="2020-08-26T08:22:19 EDT" name="logins" data-provider="excelSheetNameAsMethodName" finished-at="2020-08-26T08:22:19 EDT" duration-ms="7" status="PASS">
          <params>
            <param index="0">
              <value>
                <![CDATA[zohebs]]>
              </value>
            </param>
            <param index="1">
              <value>
                <![CDATA[qazqaz]]>
              </value>
            </param>
          </params>
          <reporter-output>
          </reporter-output>
        </test-method> <!-- logins -->
        <test-method signature="logins(java.lang.String, java.lang.String)[pri:0, instance:tests.login@702657cc]" started-at="2020-08-26T08:22:19 EDT" name="logins" data-provider="excelSheetNameAsMethodName" finished-at="2020-08-26T08:22:19 EDT" duration-ms="7" status="PASS">
          <params>
            <param index="0">
              <value>
                <![CDATA[zoheb]]>
              </value>
            </param>
            <param index="1">
              <value>
                <![CDATA[zaqzaq]]>
              </value>
            </param>
          </params>
          <reporter-output>
          </reporter-output>
        </test-method> <!-- logins -->
        <test-method is-config="true" signature="getResult(org.testng.ITestResult)[pri:0, instance:tests.login@702657cc]" started-at="2020-08-26T08:22:19 EDT" name="getResult" finished-at="2020-08-26T08:22:19 EDT" duration-ms="1" status="PASS">
          <params>
            <param index="0">
              <value>
                <![CDATA[[TestResult name=logins status=SUCCESS method=login.logins(java.lang.String, java.lang.String)[pri:0, instance:tests.login@702657cc] output={null}]]]>
              </value>
            </param>
          </params>
          <reporter-output>
          </reporter-output>
        </test-method> <!-- getResult -->
        <test-method is-config="true" signature="getResult(org.testng.ITestResult)[pri:0, instance:tests.login@702657cc]" started-at="2020-08-26T08:22:19 EDT" name="getResult" finished-at="2020-08-26T08:22:19 EDT" duration-ms="3" status="PASS">
          <params>
            <param index="0">
              <value>
                <![CDATA[[TestResult name=logins status=SUCCESS method=login.logins(java.lang.String, java.lang.String)[pri:0, instance:tests.login@702657cc] output={null}]]]>
              </value>
            </param>
          </params>
          <reporter-output>
          </reporter-output>
        </test-method> <!-- getResult -->
        <test-method is-config="true" signature="cleanup()[pri:0, instance:tests.login@702657cc]" started-at="2020-08-26T08:22:19 EDT" name="cleanup" finished-at="2020-08-26T08:22:20 EDT" duration-ms="1172" status="PASS">
          <reporter-output>
          </reporter-output>
        </test-method> <!-- cleanup -->
      </class> <!-- tests.login -->
    </test> <!-- homepage -->
  </suite> <!-- Suite -->
</testng-results>
