<?xml version="1.0" encoding="UTF-8"?>
<!-- Generated by org.testng.reporters.JUnitXMLReporter -->
<testsuite ignored="1" hostname="DESKTOP-8D76I4T" failures="0" tests="1" name="Default test" time="174.834" errors="0" timestamp="2020-08-26T09:01:56 EDT">
  <testcase classname="tests.homepagetest" name="getElements" time="167.63"/>
  <testcase classname="tests.homepagetest" name="homepageTests" time="0.0">
    <ignored/>
  </testcase> <!-- homepageTests -->
</testsuite> <!-- Default test -->
