<?xml version="1.0" encoding="UTF-8"?>
<!-- Generated by org.testng.reporters.JUnitXMLReporter -->
<testsuite ignored="0" hostname="DESKTOP-8D76I4T" failures="0" tests="1" name="Default test" time="0.055" errors="0" timestamp="2020-08-25T22:05:32 EDT">
  <testcase classname="core.BaseTest" name="@BeforeSuite reportSetup" time="-1.598407531942E9">
    <failure type="org.testng.TestNGException" message="
Parameter &amp;apos;environment&amp;apos; is required by BeforeSuite on method reportSetup but has not been marked @Optional or defined
in C:\Users\Zoheb Siddique\AppData\Local\Temp\testng-eclipse--1905499925\testng-customsuite.xml">
      <![CDATA[org.testng.TestNGException: 
Parameter 'environment' is required by BeforeSuite on method reportSetup but has not been marked @Optional or defined
in C:\Users\Zoheb Siddique\AppData\Local\Temp\testng-eclipse--1905499925\testng-customsuite.xml
at org.testng.internal.Parameters.createParams(Parameters.java:268)
at org.testng.internal.Parameters.createParametersForMethod(Parameters.java:356)
at org.testng.internal.Parameters.createParameters(Parameters.java:700)
at org.testng.internal.Parameters.createConfigurationParameters(Parameters.java:166)
at org.testng.internal.ConfigInvoker.invokeConfigurations(ConfigInvoker.java:301)
at org.testng.SuiteRunner.privateRun(SuiteRunner.java:327)
at org.testng.SuiteRunner.run(SuiteRunner.java:286)
at org.testng.SuiteRunnerWorker.runSuite(SuiteRunnerWorker.java:53)
at org.testng.SuiteRunnerWorker.run(SuiteRunnerWorker.java:96)
at org.testng.TestNG.runSuitesSequentially(TestNG.java:1218)
at org.testng.TestNG.runSuitesLocally(TestNG.java:1140)
at org.testng.TestNG.runSuites(TestNG.java:1069)
at org.testng.TestNG.run(TestNG.java:1037)
at org.testng.remote.AbstractRemoteTestNG.run(AbstractRemoteTestNG.java:115)
at org.testng.remote.RemoteTestNG.initAndRun(RemoteTestNG.java:251)
at org.testng.remote.RemoteTestNG.main(RemoteTestNG.java:77)
]]>
    </failure>
  </testcase> <!-- @BeforeSuite reportSetup -->
  <testcase classname="core.BaseTest" name="@BeforeClass setup" time="-1.59840753198E9">
    <skipped/>
  </testcase> <!-- @BeforeClass setup -->
  <testcase classname="core.BaseTest" name="@AfterMethod getResult" time="-1.598407532001E9">
    <skipped/>
  </testcase> <!-- @AfterMethod getResult -->
  <testcase classname="core.BaseTest" name="@AfterClass cleanup" time="-1.598407532004E9">
    <skipped/>
  </testcase> <!-- @AfterClass cleanup -->
  <testcase classname="tests.homepagetest" name="homepageTests" time="0.0">
    <skipped/>
  </testcase> <!-- homepageTests -->
</testsuite> <!-- Default test -->
