<?xml version="1.0" encoding="UTF-8"?>
<!-- Generated by org.testng.reporters.JUnitXMLReporter -->
<testsuite ignored="2" hostname="DESKTOP-8D76I4T" failures="0" tests="4" name="homepage" time="0.826" errors="0" timestamp="2020-08-25T22:28:07 EDT">
  <testcase classname="core.BaseTest" name="@BeforeSuite reportSetup" time="0.193">
    <failure type="java.lang.NullPointerException">
      <![CDATA[java.lang.NullPointerException
at core.BaseTest.readPropertiesFile(BaseTest.java:116)
at core.BaseTest.reportSetup(BaseTest.java:53)
... Removed 23 stack frames]]>
    </failure>
  </testcase> <!-- @BeforeSuite reportSetup -->
  <testcase classname="core.BaseTest" name="@BeforeClass setup" time="-1.598408886675E9">
    <skipped/>
  </testcase> <!-- @BeforeClass setup -->
  <testcase classname="core.BaseTest" name="@BeforeClass setup" time="-1.598408886675E9">
    <skipped/>
  </testcase> <!-- @BeforeClass setup -->
  <testcase classname="core.BaseTest" name="@AfterMethod getResult" time="-1.598408886698E9">
    <skipped/>
  </testcase> <!-- @AfterMethod getResult -->
  <testcase classname="core.BaseTest" name="@AfterMethod getResult" time="-1.598408886701E9">
    <skipped/>
  </testcase> <!-- @AfterMethod getResult -->
  <testcase classname="core.BaseTest" name="@AfterClass cleanup" time="-1.598408886702E9">
    <skipped/>
  </testcase> <!-- @AfterClass cleanup -->
  <testcase classname="core.BaseTest" name="@AfterMethod getResult" time="-1.598408887473E9">
    <skipped/>
  </testcase> <!-- @AfterMethod getResult -->
  <testcase classname="core.BaseTest" name="@AfterMethod getResult" time="-1.598408887476E9">
    <skipped/>
  </testcase> <!-- @AfterMethod getResult -->
  <testcase classname="core.BaseTest" name="@AfterClass cleanup" time="-1.598408887477E9">
    <skipped/>
  </testcase> <!-- @AfterClass cleanup -->
  <testcase classname="tests.homepagetest" name="homepageTests" time="0.001">
    <skipped/>
  </testcase> <!-- homepageTests -->
  <testcase classname="tests.login" name="login" time="0.001">
    <skipped/>
  </testcase> <!-- login -->
  <testcase classname="tests.login" name="logins" time="0.0">
    <skipped/>
  </testcase> <!-- logins -->
  <testcase classname="tests.login" name="logins" time="0.0">
    <skipped/>
  </testcase> <!-- logins -->
  <testcase classname="core.BaseTest" name="@AfterSuite tearDown" time="0.0">
    <ignored/>
  </testcase> <!-- @AfterSuite tearDown -->
  <testcase classname="core.BaseTest" name="@BeforeSuite reportSetup" time="0.0">
    <ignored/>
  </testcase> <!-- @BeforeSuite reportSetup -->
</testsuite> <!-- homepage -->
