<?xml version="1.0" encoding="UTF-8"?>
<!-- Generated by org.testng.reporters.JUnitXMLReporter -->
<testsuite ignored="2" hostname="DESKTOP-8D76I4T" failures="0" tests="5" name="homepage" time="38.799" errors="0" timestamp="2020-08-27T17:54:15 EDT">
  <testcase classname="tests.homepagetest" name="getElements" time="7.856"/>
  <testcase classname="tests.homepagetest" name="homepageTests" time="2.886"/>
  <testcase classname="tests.login" name="login" time="5.434"/>
  <testcase classname="tests.login" name="logins" time="0.008"/>
  <testcase classname="tests.login" name="logins" time="0.008"/>
  <testcase classname="core.BaseTest" name="@AfterSuite tearDown" time="0.0">
    <ignored/>
  </testcase> <!-- @AfterSuite tearDown -->
  <testcase classname="core.BaseTest" name="@BeforeSuite reportSetup" time="0.0">
    <ignored/>
  </testcase> <!-- @BeforeSuite reportSetup -->
</testsuite> <!-- homepage -->
